\BOOKMARK [0][-]{chapter.1}{\376\377\000I\000n\000t\000r\000o\000d\000u\000c\000c\000i\000\363\000n}{}% 1
\BOOKMARK [1][-]{section.1.1}{\376\377\000O\000b\000j\000e\000t\000i\000v\000o\000s}{chapter.1}% 2
\BOOKMARK [1][-]{section.1.2}{\376\377\000J\000u\000s\000t\000i\000f\000i\000c\000a\000c\000i\000\363\000n}{chapter.1}% 3
\BOOKMARK [1][-]{section.1.3}{\376\377\000E\000s\000t\000r\000u\000c\000t\000u\000r\000a\000\040\000d\000e\000\040\000l\000a\000\040\000m\000e\000m\000o\000r\000i\000a}{chapter.1}% 4
\BOOKMARK [0][-]{chapter.2}{\376\377\000I\000n\000c\000o\000n\000v\000e\000n\000i\000e\000n\000t\000e\000s\000\040\000e\000n\000\040\000e\000l\000\040\000p\000r\000i\000m\000e\000r\000\040\000p\000r\000o\000y\000e\000c\000t\000o\000\040\000y\000\040\000p\000r\000o\000p\000u\000e\000s\000t\000a\000s\000\040\000d\000e\000\040\000s\000o\000l\000u\000c\000i\000\363\000n}{}% 5
\BOOKMARK [1][-]{section.2.1}{\376\377\000L\000i\000m\000i\000t\000a\000c\000i\000o\000n\000e\000s\000\040\000e\000n\000\040\000l\000a\000\040\000c\000o\000m\000u\000n\000i\000c\000a\000c\000i\000\363\000n}{chapter.2}% 6
\BOOKMARK [1][-]{section.2.2}{\376\377\000A\000l\000o\000j\000a\000m\000i\000e\000n\000t\000o\000\040\000d\000e\000l\000\040\000s\000e\000r\000v\000i\000d\000o\000r}{chapter.2}% 7
\BOOKMARK [1][-]{section.2.3}{\376\377\000A\000l\000o\000j\000a\000m\000i\000e\000n\000t\000o\000\040\000d\000e\000\040\000l\000a\000\040\000B\000B\000D\000D}{chapter.2}% 8
\BOOKMARK [1][-]{section.2.4}{\376\377\000E\000l\000i\000m\000i\000n\000a\000c\000i\000\363\000n\000\040\000d\000e\000\040\000l\000a\000\040\000m\000\341\000q\000u\000i\000n\000a\000\040\000v\000i\000r\000t\000u\000a\000l}{chapter.2}% 9
\BOOKMARK [1][-]{section.2.5}{\376\377\000I\000n\000c\000o\000n\000v\000e\000n\000i\000e\000n\000t\000e\000s\000\040\000a\000d\000i\000c\000i\000o\000n\000a\000l\000e\000s}{chapter.2}% 10
\BOOKMARK [1][-]{section.2.6}{\376\377\000T\000e\000s\000t\000i\000n\000g\000\040\000l\000e\000n\000t\000o}{chapter.2}% 11
\BOOKMARK [0][-]{chapter.3}{\376\377\000I\000m\000p\000l\000e\000m\000e\000n\000t\000a\000c\000i\000\363\000n\000\040\000y\000\040\000s\000o\000l\000u\000c\000i\000o\000n\000e\000s\000\040\000a\000\040\000l\000o\000s\000\040\000p\000r\000o\000b\000l\000e\000m\000a\000s}{}% 12
\BOOKMARK [1][-]{section.3.1}{\376\377\000I\000m\000p\000l\000e\000m\000e\000n\000t\000a\000c\000i\000\363\000n\000\040\000c\000o\000n\000\040\000F\000a\000s\000t\000A\000p\000i}{chapter.3}% 13
\BOOKMARK [1][-]{section.3.2}{\376\377\000S\000e\000r\000v\000i\000d\000o\000r\000e\000s\000\040\000l\000o\000c\000a\000l\000e\000s}{chapter.3}% 14
\BOOKMARK [1][-]{section.3.3}{\376\377\000E\000n\000t\000o\000r\000n\000o\000s\000\040\000v\000i\000r\000t\000u\000a\000l\000e\000s}{chapter.3}% 15
\BOOKMARK [1][-]{section.3.4}{\376\377\000B\000a\000s\000e\000\040\000d\000e\000\040\000d\000a\000t\000o\000s\000\040\000o\000n\000l\000i\000n\000e}{chapter.3}% 16
\BOOKMARK [1][-]{section.3.5}{\376\377\000T\000e\000s\000t\000i\000n\000g\000\040\000c\000o\000n\000\040\000P\000o\000s\000t\000m\000a\000n}{chapter.3}% 17
\BOOKMARK [1][-]{section.3.6}{\376\377\000M\000e\000j\000o\000r\000a\000s\000\040\000a\000d\000i\000c\000i\000n\000o\000a\000l\000e\000s}{chapter.3}% 18
\BOOKMARK [0][-]{chapter.4}{\376\377\000D\000e\000s\000a\000r\000r\000o\000l\000l\000o\000\040\000d\000e\000l\000\040\000B\000a\000c\000k\000e\000n\000d}{}% 19
\BOOKMARK [1][-]{section.4.1}{\376\377\000E\000s\000t\000r\000u\000c\000t\000u\000r\000a\000\040\000c\000l\000a\000r\000a\000\040\000y\000\040\000o\000r\000g\000a\000n\000i\000z\000a\000d\000a}{chapter.4}% 20
\BOOKMARK [1][-]{section.4.2}{\376\377\000M\000a\000n\000e\000j\000o\000\040\000d\000e\000\040\000e\000r\000r\000o\000r\000e\000s}{chapter.4}% 21
\BOOKMARK [1][-]{section.4.3}{\376\377\000I\000m\000p\000r\000e\000s\000i\000\363\000n\000\040\000i\000n\000t\000e\000r\000r\000u\000m\000p\000i\000d\000a}{chapter.4}% 22
\BOOKMARK [1][-]{section.4.4}{\376\377\000U\000t\000i\000l\000i\000d\000a\000d\000e\000s\000\040\000p\000a\000r\000a\000\040\000l\000a\000\040\000b\000a\000s\000e\000\040\000d\000e\000\040\000d\000a\000t\000o\000s}{chapter.4}% 23
\BOOKMARK [1][-]{section.4.5}{\376\377\000E\000n\000d\000p\000o\000i\000n\000t\000s}{chapter.4}% 24
